Using pre-set license
Built from '2021.1/release' branch; Version is '2021.1.0f1 (61a549675243) revision 6399305'; Using compiler version '192528614'; Build Type 'Release'
OS: 'Windows 10 Home; OS build 19042.985; Version 2009; 64bit' Language: 'ru' Physical Memory: 16221 MB
BatchMode: 1, IsHumanControllingUs: 0, StartBugReporterOnCrash: 0, Is64bit: 1, IsPro: 0

 COMMAND LINE ARGUMENTS:
C:\Program Files\Unity\Hub\Editor\2021.1.0f1\Editor\Unity.exe
-adb2
-batchMode
-noUpm
-name
AssetImportWorker0
-projectPath
C:/Users/1645286/Downloads/OUR-FIRST-GAME-main/OUR-FIRST-GAME-main/Очередной проект
-logFile
Logs/AssetImportWorker0.log
-srvPort
64726
Successfully changed project path to: C:/Users/1645286/Downloads/OUR-FIRST-GAME-main/OUR-FIRST-GAME-main/Очередной проект
C:/Users/1645286/Downloads/OUR-FIRST-GAME-main/OUR-FIRST-GAME-main/Очередной проект
Using Asset Import Pipeline V2.
Refreshing native plugins compatible for Editor in 291.52 ms, found 2 plugins.
Preloading 0 native plugins for Editor in 0.00 ms.
Initialize engine version: 2021.1.0f1 (61a549675243)
[Subsystems] Discovering subsystems at path C:/Program Files/Unity/Hub/Editor/2021.1.0f1/Editor/Data/Resources/UnitySubsystems
[Subsystems] Discovering subsystems at path C:/Users/1645286/Downloads/OUR-FIRST-GAME-main/OUR-FIRST-GAME-main/Очередной проект/Assets
GfxDevice: creating device client; threaded=0; jobified=0
Direct3D:
    Version:  Direct3D 11.0 [level 11.1]
    Renderer: NVIDIA GeForce GTX 1650 (ID=0x1f91)
    Vendor:   NVIDIA
    VRAM:     3962 MB
    Driver:   27.21.14.5167
Initialize mono
Mono path[0] = 'C:/Program Files/Unity/Hub/Editor/2021.1.0f1/Editor/Data/Managed'
Mono path[1] = 'C:/Program Files/Unity/Hub/Editor/2021.1.0f1/Editor/Data/MonoBleedingEdge/lib/mono/unityjit'
Mono config path = 'C:/Program Files/Unity/Hub/Editor/2021.1.0f1/Editor/Data/MonoBleedingEdge/etc'
Using monoOptions --debugger-agent=transport=dt_socket,embedding=1,server=y,suspend=n,address=127.0.0.1:56532
Begin MonoManager ReloadAssembly
Registering precompiled unity dll's ...
Register platform support module: C:/Program Files/Unity/Hub/Editor/2021.1.0f1/Editor/Data/PlaybackEngines/WindowsStandaloneSupport/UnityEditor.WindowsStandalone.Extensions.dll
Registered in 0.004189 seconds.
Native extension for WindowsStandalone target not found
Refreshing native plugins compatible for Editor in 107.46 ms, found 2 plugins.
Preloading 0 native plugins for Editor in 0.00 ms.
Mono: successfully reloaded assembly
- Completed reload, in  3.177 seconds
Platform modules already initialized, skipping
Registering precompiled user dll's ...
Registered in 0.007526 seconds.
Begin MonoManager ReloadAssembly
Native extension for WindowsStandalone target not found
Refreshing native plugins compatible for Editor in 120.11 ms, found 2 plugins.
Preloading 0 native plugins for Editor in 0.00 ms.
Mono: successfully reloaded assembly
- Completed reload, in  1.931 seconds
Platform modules already initialized, skipping
========================================================================
Worker process is ready to serve import requests
Launched and connected shader compiler UnityShaderCompiler.exe after 0.05 seconds
Refreshing native plugins compatible for Editor in 0.66 ms, found 2 plugins.
Preloading 0 native plugins for Editor in 0.00 ms.
Unloading 3371 Unused Serialized files (Serialized files now loaded: 0)
System memory in use before: 128.8 MB.
System memory in use after: 128.9 MB.

Unloading 29 unused Assets to reduce memory usage. Loaded Objects now: 3823.
Total: 8.623000 ms (FindLiveObjects: 0.995900 ms CreateObjectMapping: 0.659700 ms MarkObjects: 6.590500 ms  DeleteObjects: 0.372500 ms)

========================================================================
Received Import Request.
  path: Assets/Scripts/Eating.cs
  artifactKey: Guid(07da1d3ad9489a24791f11a168b8ab45) Importer(815301076,1909f56bfc062723c751e8b465ee728b)
Start importing Assets/Scripts/Eating.cs using Guid(07da1d3ad9489a24791f11a168b8ab45) Importer(815301076,1909f56bfc062723c751e8b465ee728b)  -> (artifact id: '4f6487b633ccaab2428fc3e62c7c02c6') in 0.084247 seconds 
========================================================================
Received Import Request.
  Time since last request: 6.654922 seconds.
  path: Assets/Scripts/Eating.cs
  artifactKey: Guid(07da1d3ad9489a24791f11a168b8ab45) Importer(815301076,1909f56bfc062723c751e8b465ee728b)
Start importing Assets/Scripts/Eating.cs using Guid(07da1d3ad9489a24791f11a168b8ab45) Importer(815301076,1909f56bfc062723c751e8b465ee728b)  -> (artifact id: '6f9c4690f25f95892d75bc2ce8e6cc1d') in 0.003132 seconds 
========================================================================
Received Import Request.
  Time since last request: 74.644262 seconds.
  path: Assets/Scripts/Eating.cs
  artifactKey: Guid(07da1d3ad9489a24791f11a168b8ab45) Importer(815301076,1909f56bfc062723c751e8b465ee728b)
Start importing Assets/Scripts/Eating.cs using Guid(07da1d3ad9489a24791f11a168b8ab45) Importer(815301076,1909f56bfc062723c751e8b465ee728b)  -> (artifact id: 'd63146832c314fa0ed426a55bb413316') in 0.003095 seconds 
========================================================================
Received Import Request.
  Time since last request: 34.506129 seconds.
  path: Assets/Scripts/Eating.cs
  artifactKey: Guid(07da1d3ad9489a24791f11a168b8ab45) Importer(815301076,1909f56bfc062723c751e8b465ee728b)
Start importing Assets/Scripts/Eating.cs using Guid(07da1d3ad9489a24791f11a168b8ab45) Importer(815301076,1909f56bfc062723c751e8b465ee728b)  -> (artifact id: '2cb3ec42de0c18063436d2ebf435a736') in 0.003406 seconds 
========================================================================
Received Import Request.
  Time since last request: 253.285249 seconds.
  path: Assets/Scripts/Eating.cs
  artifactKey: Guid(07da1d3ad9489a24791f11a168b8ab45) Importer(815301076,1909f56bfc062723c751e8b465ee728b)
Start importing Assets/Scripts/Eating.cs using Guid(07da1d3ad9489a24791f11a168b8ab45) Importer(815301076,1909f56bfc062723c751e8b465ee728b)  -> (artifact id: '20771579b66a24ee866a72710b473b6e') in 0.002924 seconds 
========================================================================
Received Prepare
Registering precompiled user dll's ...
Registered in 0.004088 seconds.
Begin MonoManager ReloadAssembly
Native extension for WindowsStandalone target not found
Refreshing native plugins compatible for Editor in 0.59 ms, found 2 plugins.
Preloading 0 native plugins for Editor in 0.00 ms.
Mono: successfully reloaded assembly
- Completed reload, in  1.056 seconds
Platform modules already initialized, skipping
Refreshing native plugins compatible for Editor in 0.56 ms, found 2 plugins.
Preloading 0 native plugins for Editor in 0.00 ms.
Unloading 3366 Unused Serialized files (Serialized files now loaded: 0)
System memory in use before: 128.8 MB.
System memory in use after: 129.0 MB.

Unloading 17 unused Assets to reduce memory usage. Loaded Objects now: 3827.
Total: 2.594300 ms (FindLiveObjects: 0.270600 ms CreateObjectMapping: 0.169700 ms MarkObjects: 2.008700 ms  DeleteObjects: 0.144200 ms)

