Using pre-set license
Built from '2021.1/release' branch; Version is '2021.1.0f1 (61a549675243) revision 6399305'; Using compiler version '192528614'; Build Type 'Release'
OS: 'Windows 10 Home; OS build 19042.985; Version 2009; 64bit' Language: 'ru' Physical Memory: 16221 MB
BatchMode: 1, IsHumanControllingUs: 0, StartBugReporterOnCrash: 0, Is64bit: 1, IsPro: 0

 COMMAND LINE ARGUMENTS:
C:\Program Files\Unity\Hub\Editor\2021.1.0f1\Editor\Unity.exe
-adb2
-batchMode
-noUpm
-name
AssetImportWorker0
-projectPath
C:/Users/1645286/Downloads/OUR-FIRST-GAME-main/OUR-FIRST-GAME-main/Очередной проект
-logFile
Logs/AssetImportWorker0.log
-srvPort
64816
Successfully changed project path to: C:/Users/1645286/Downloads/OUR-FIRST-GAME-main/OUR-FIRST-GAME-main/Очередной проект
C:/Users/1645286/Downloads/OUR-FIRST-GAME-main/OUR-FIRST-GAME-main/Очередной проект
Using Asset Import Pipeline V2.
Refreshing native plugins compatible for Editor in 188.07 ms, found 2 plugins.
Preloading 0 native plugins for Editor in 0.00 ms.
Initialize engine version: 2021.1.0f1 (61a549675243)
[Subsystems] Discovering subsystems at path C:/Program Files/Unity/Hub/Editor/2021.1.0f1/Editor/Data/Resources/UnitySubsystems
[Subsystems] Discovering subsystems at path C:/Users/1645286/Downloads/OUR-FIRST-GAME-main/OUR-FIRST-GAME-main/Очередной проект/Assets
GfxDevice: creating device client; threaded=0; jobified=0
Direct3D:
    Version:  Direct3D 11.0 [level 11.1]
    Renderer: NVIDIA GeForce GTX 1650 (ID=0x1f91)
    Vendor:   NVIDIA
    VRAM:     3962 MB
    Driver:   27.21.14.5167
Initialize mono
Mono path[0] = 'C:/Program Files/Unity/Hub/Editor/2021.1.0f1/Editor/Data/Managed'
Mono path[1] = 'C:/Program Files/Unity/Hub/Editor/2021.1.0f1/Editor/Data/MonoBleedingEdge/lib/mono/unityjit'
Mono config path = 'C:/Program Files/Unity/Hub/Editor/2021.1.0f1/Editor/Data/MonoBleedingEdge/etc'
Using monoOptions --debugger-agent=transport=dt_socket,embedding=1,server=y,suspend=n,address=127.0.0.1:56276
Begin MonoManager ReloadAssembly
Registering precompiled unity dll's ...
Register platform support module: C:/Program Files/Unity/Hub/Editor/2021.1.0f1/Editor/Data/PlaybackEngines/WindowsStandaloneSupport/UnityEditor.WindowsStandalone.Extensions.dll
Registered in 0.002403 seconds.
Native extension for WindowsStandalone target not found
Refreshing native plugins compatible for Editor in 135.32 ms, found 2 plugins.
Preloading 0 native plugins for Editor in 0.00 ms.
Mono: successfully reloaded assembly
- Completed reload, in  1.934 seconds
Platform modules already initialized, skipping
Registering precompiled user dll's ...
Registered in 0.004358 seconds.
Begin MonoManager ReloadAssembly
Native extension for WindowsStandalone target not found
Refreshing native plugins compatible for Editor in 112.40 ms, found 2 plugins.
Preloading 0 native plugins for Editor in 0.00 ms.
Mono: successfully reloaded assembly
- Completed reload, in  1.220 seconds
Platform modules already initialized, skipping
========================================================================
Worker process is ready to serve import requests
Launched and connected shader compiler UnityShaderCompiler.exe after 0.06 seconds
Refreshing native plugins compatible for Editor in 0.61 ms, found 2 plugins.
Preloading 0 native plugins for Editor in 0.00 ms.
Unloading 3371 Unused Serialized files (Serialized files now loaded: 0)
System memory in use before: 128.9 MB.
System memory in use after: 128.9 MB.

Unloading 29 unused Assets to reduce memory usage. Loaded Objects now: 3823.
Total: 2.907100 ms (FindLiveObjects: 0.338700 ms CreateObjectMapping: 0.200100 ms MarkObjects: 2.205900 ms  DeleteObjects: 0.161300 ms)

========================================================================
Received Import Request.
  path: Assets/Scripts/Eating.cs
  artifactKey: Guid(07da1d3ad9489a24791f11a168b8ab45) Importer(815301076,1909f56bfc062723c751e8b465ee728b)
Start importing Assets/Scripts/Eating.cs using Guid(07da1d3ad9489a24791f11a168b8ab45) Importer(815301076,1909f56bfc062723c751e8b465ee728b)  -> (artifact id: '15e6de95b9929f4644ad658860dd676a') in 0.050419 seconds 
========================================================================
Received Import Request.
  Time since last request: 13.161934 seconds.
  path: Assets/Scripts/Eating.cs
  artifactKey: Guid(07da1d3ad9489a24791f11a168b8ab45) Importer(815301076,1909f56bfc062723c751e8b465ee728b)
Start importing Assets/Scripts/Eating.cs using Guid(07da1d3ad9489a24791f11a168b8ab45) Importer(815301076,1909f56bfc062723c751e8b465ee728b)  -> (artifact id: 'b43f25aff43b563804f632e71fd0fa42') in 0.002612 seconds 
========================================================================
Received Import Request.
  Time since last request: 49.587113 seconds.
  path: Assets/Scripts/Eating.cs
  artifactKey: Guid(07da1d3ad9489a24791f11a168b8ab45) Importer(815301076,1909f56bfc062723c751e8b465ee728b)
Start importing Assets/Scripts/Eating.cs using Guid(07da1d3ad9489a24791f11a168b8ab45) Importer(815301076,1909f56bfc062723c751e8b465ee728b)  -> (artifact id: '6f9c4690f25f95892d75bc2ce8e6cc1d') in 0.003496 seconds 
========================================================================
Received Import Request.
  Time since last request: 80.383435 seconds.
  path: Assets/Scripts/Eating.cs
  artifactKey: Guid(07da1d3ad9489a24791f11a168b8ab45) Importer(815301076,1909f56bfc062723c751e8b465ee728b)
Start importing Assets/Scripts/Eating.cs using Guid(07da1d3ad9489a24791f11a168b8ab45) Importer(815301076,1909f56bfc062723c751e8b465ee728b)  -> (artifact id: '14e3ac19144536c7aa666d6774905ed3') in 0.002977 seconds 
========================================================================
Received Prepare
Registering precompiled user dll's ...
Registered in 0.004066 seconds.
Begin MonoManager ReloadAssembly
Native extension for WindowsStandalone target not found
Refreshing native plugins compatible for Editor in 0.57 ms, found 2 plugins.
Preloading 0 native plugins for Editor in 0.00 ms.
Mono: successfully reloaded assembly
- Completed reload, in  1.045 seconds
Platform modules already initialized, skipping
Refreshing native plugins compatible for Editor in 0.57 ms, found 2 plugins.
Preloading 0 native plugins for Editor in 0.00 ms.
Unloading 3366 Unused Serialized files (Serialized files now loaded: 0)
System memory in use before: 128.9 MB.
System memory in use after: 129.0 MB.

Unloading 17 unused Assets to reduce memory usage. Loaded Objects now: 3827.
Total: 2.775400 ms (FindLiveObjects: 0.307700 ms CreateObjectMapping: 0.172600 ms MarkObjects: 2.148200 ms  DeleteObjects: 0.146000 ms)

========================================================================
Received Prepare
Registering precompiled user dll's ...
Registered in 0.004550 seconds.
Begin MonoManager ReloadAssembly
Native extension for WindowsStandalone target not found
Refreshing native plugins compatible for Editor in 0.58 ms, found 2 plugins.
Preloading 0 native plugins for Editor in 0.00 ms.
Mono: successfully reloaded assembly
- Completed reload, in  1.005 seconds
Platform modules already initialized, skipping
Refreshing native plugins compatible for Editor in 0.56 ms, found 2 plugins.
Preloading 0 native plugins for Editor in 0.00 ms.
Unloading 3366 Unused Serialized files (Serialized files now loaded: 0)
System memory in use before: 128.9 MB.
System memory in use after: 129.1 MB.

Unloading 17 unused Assets to reduce memory usage. Loaded Objects now: 3831.
Total: 2.441600 ms (FindLiveObjects: 0.263300 ms CreateObjectMapping: 0.167400 ms MarkObjects: 1.922200 ms  DeleteObjects: 0.087700 ms)

========================================================================
Received Import Request.
  Time since last request: 947.150503 seconds.
  path: Assets/Scripts/Eating.cs
  artifactKey: Guid(07da1d3ad9489a24791f11a168b8ab45) Importer(815301076,1909f56bfc062723c751e8b465ee728b)
Start importing Assets/Scripts/Eating.cs using Guid(07da1d3ad9489a24791f11a168b8ab45) Importer(815301076,1909f56bfc062723c751e8b465ee728b)  -> (artifact id: '5a21675c6c0762230a6c84ebe18ca83f') in 0.014606 seconds 
========================================================================
Received Prepare
Registering precompiled user dll's ...
Registered in 0.005297 seconds.
Begin MonoManager ReloadAssembly
Native extension for WindowsStandalone target not found
Refreshing native plugins compatible for Editor in 0.72 ms, found 2 plugins.
Preloading 0 native plugins for Editor in 0.00 ms.
Mono: successfully reloaded assembly
- Completed reload, in  1.302 seconds
Platform modules already initialized, skipping
Refreshing native plugins compatible for Editor in 0.92 ms, found 2 plugins.
Preloading 0 native plugins for Editor in 0.00 ms.
Unloading 3366 Unused Serialized files (Serialized files now loaded: 0)
System memory in use before: 129.0 MB.
System memory in use after: 129.1 MB.

Unloading 17 unused Assets to reduce memory usage. Loaded Objects now: 3835.
Total: 5.876600 ms (FindLiveObjects: 0.524000 ms CreateObjectMapping: 0.719300 ms MarkObjects: 4.474200 ms  DeleteObjects: 0.156400 ms)

========================================================================
Received Import Request.
  Time since last request: 86.491993 seconds.
  path: Assets/Scripts/CharacterA.cs
  artifactKey: Guid(fd13db2889893b040b1ecebf0c799177) Importer(815301076,1909f56bfc062723c751e8b465ee728b)
Start importing Assets/Scripts/CharacterA.cs using Guid(fd13db2889893b040b1ecebf0c799177) Importer(815301076,1909f56bfc062723c751e8b465ee728b)  -> (artifact id: 'fd70f7f9d6053a3505cc49cb9d3c605c') in 0.010521 seconds 
========================================================================
Received Prepare
Registering precompiled user dll's ...
Registered in 0.004153 seconds.
Begin MonoManager ReloadAssembly
Native extension for WindowsStandalone target not found
Refreshing native plugins compatible for Editor in 0.67 ms, found 2 plugins.
Preloading 0 native plugins for Editor in 0.00 ms.
Mono: successfully reloaded assembly
- Completed reload, in  1.175 seconds
Platform modules already initialized, skipping
Refreshing native plugins compatible for Editor in 0.56 ms, found 2 plugins.
Preloading 0 native plugins for Editor in 0.00 ms.
Unloading 3366 Unused Serialized files (Serialized files now loaded: 0)
System memory in use before: 129.0 MB.
System memory in use after: 129.1 MB.

Unloading 17 unused Assets to reduce memory usage. Loaded Objects now: 3839.
Total: 3.101500 ms (FindLiveObjects: 0.445900 ms CreateObjectMapping: 0.289600 ms MarkObjects: 2.263700 ms  DeleteObjects: 0.100800 ms)

========================================================================
Received Import Request.
  Time since last request: 81.160573 seconds.
  path: Assets/Scripts/CharacterA.cs
  artifactKey: Guid(fd13db2889893b040b1ecebf0c799177) Importer(815301076,1909f56bfc062723c751e8b465ee728b)
Start importing Assets/Scripts/CharacterA.cs using Guid(fd13db2889893b040b1ecebf0c799177) Importer(815301076,1909f56bfc062723c751e8b465ee728b)  -> (artifact id: '848616d7cf24fe6c5b0c8463570d730d') in 0.005324 seconds 
========================================================================
Received Prepare
Registering precompiled user dll's ...
Registered in 0.004876 seconds.
Begin MonoManager ReloadAssembly
Native extension for WindowsStandalone target not found
Refreshing native plugins compatible for Editor in 0.91 ms, found 2 plugins.
Preloading 0 native plugins for Editor in 0.00 ms.
Mono: successfully reloaded assembly
- Completed reload, in  1.001 seconds
Platform modules already initialized, skipping
Refreshing native plugins compatible for Editor in 0.56 ms, found 2 plugins.
Preloading 0 native plugins for Editor in 0.00 ms.
Unloading 3366 Unused Serialized files (Serialized files now loaded: 0)
System memory in use before: 129.0 MB.
System memory in use after: 129.2 MB.

Unloading 17 unused Assets to reduce memory usage. Loaded Objects now: 3843.
Total: 2.786000 ms (FindLiveObjects: 0.347900 ms CreateObjectMapping: 0.167500 ms MarkObjects: 2.169200 ms  DeleteObjects: 0.099900 ms)

========================================================================
Received Import Request.
  Time since last request: 399.335517 seconds.
  path: Assets/Scripts/CharacterA.cs
  artifactKey: Guid(fd13db2889893b040b1ecebf0c799177) Importer(815301076,1909f56bfc062723c751e8b465ee728b)
Start importing Assets/Scripts/CharacterA.cs using Guid(fd13db2889893b040b1ecebf0c799177) Importer(815301076,1909f56bfc062723c751e8b465ee728b)  -> (artifact id: '75e070f4ed185b231b5956e618ad089b') in 0.005392 seconds 
========================================================================
Received Prepare
Registering precompiled user dll's ...
Registered in 0.005827 seconds.
Begin MonoManager ReloadAssembly
Native extension for WindowsStandalone target not found
Refreshing native plugins compatible for Editor in 0.62 ms, found 2 plugins.
Preloading 0 native plugins for Editor in 0.00 ms.
Mono: successfully reloaded assembly
- Completed reload, in  1.389 seconds
Platform modules already initialized, skipping
Refreshing native plugins compatible for Editor in 0.97 ms, found 2 plugins.
Preloading 0 native plugins for Editor in 0.00 ms.
Unloading 3366 Unused Serialized files (Serialized files now loaded: 0)
System memory in use before: 129.0 MB.
System memory in use after: 129.2 MB.

Unloading 17 unused Assets to reduce memory usage. Loaded Objects now: 3847.
Total: 3.601100 ms (FindLiveObjects: 0.423800 ms CreateObjectMapping: 0.287100 ms MarkObjects: 2.738300 ms  DeleteObjects: 0.150000 ms)

========================================================================
Received Prepare
Registering precompiled user dll's ...
Registered in 0.004162 seconds.
Begin MonoManager ReloadAssembly
Native extension for WindowsStandalone target not found
Refreshing native plugins compatible for Editor in 0.61 ms, found 2 plugins.
Preloading 0 native plugins for Editor in 0.00 ms.
Mono: successfully reloaded assembly
- Completed reload, in  0.991 seconds
Platform modules already initialized, skipping
Refreshing native plugins compatible for Editor in 0.56 ms, found 2 plugins.
Preloading 0 native plugins for Editor in 0.00 ms.
Unloading 3366 Unused Serialized files (Serialized files now loaded: 0)
System memory in use before: 129.1 MB.
System memory in use after: 129.2 MB.

Unloading 17 unused Assets to reduce memory usage. Loaded Objects now: 3851.
Total: 2.398200 ms (FindLiveObjects: 0.246500 ms CreateObjectMapping: 0.164600 ms MarkObjects: 1.896600 ms  DeleteObjects: 0.089700 ms)

========================================================================
Received Import Request.
  Time since last request: 227.171321 seconds.
  path: Assets/Scripts/CharacterA.cs
  artifactKey: Guid(fd13db2889893b040b1ecebf0c799177) Importer(815301076,1909f56bfc062723c751e8b465ee728b)
Start importing Assets/Scripts/CharacterA.cs using Guid(fd13db2889893b040b1ecebf0c799177) Importer(815301076,1909f56bfc062723c751e8b465ee728b)  -> (artifact id: '8d62d19d40401e4209740c1d5ac087ac') in 0.005301 seconds 
========================================================================
Received Prepare
Registering precompiled user dll's ...
Registered in 0.005175 seconds.
Begin MonoManager ReloadAssembly
Native extension for WindowsStandalone target not found
Refreshing native plugins compatible for Editor in 0.94 ms, found 2 plugins.
Preloading 0 native plugins for Editor in 0.00 ms.
Mono: successfully reloaded assembly
- Completed reload, in  1.371 seconds
Platform modules already initialized, skipping
Refreshing native plugins compatible for Editor in 0.75 ms, found 2 plugins.
Preloading 0 native plugins for Editor in 0.00 ms.
Unloading 3366 Unused Serialized files (Serialized files now loaded: 0)
System memory in use before: 129.1 MB.
System memory in use after: 129.2 MB.

Unloading 17 unused Assets to reduce memory usage. Loaded Objects now: 3855.
Total: 4.235100 ms (FindLiveObjects: 0.448000 ms CreateObjectMapping: 0.268200 ms MarkObjects: 3.352600 ms  DeleteObjects: 0.164200 ms)

========================================================================
Received Prepare
Registering precompiled user dll's ...
Registered in 0.004315 seconds.
Begin MonoManager ReloadAssembly
Native extension for WindowsStandalone target not found
Refreshing native plugins compatible for Editor in 0.66 ms, found 2 plugins.
Preloading 0 native plugins for Editor in 0.00 ms.
Mono: successfully reloaded assembly
- Completed reload, in  1.112 seconds
Platform modules already initialized, skipping
Refreshing native plugins compatible for Editor in 0.57 ms, found 2 plugins.
Preloading 0 native plugins for Editor in 0.00 ms.
Unloading 3366 Unused Serialized files (Serialized files now loaded: 0)
System memory in use before: 129.1 MB.
System memory in use after: 129.2 MB.

Unloading 17 unused Assets to reduce memory usage. Loaded Objects now: 3859.
Total: 3.044500 ms (FindLiveObjects: 0.401000 ms CreateObjectMapping: 0.287400 ms MarkObjects: 2.247200 ms  DeleteObjects: 0.107600 ms)

========================================================================
Received Import Request.
  Time since last request: 395.978986 seconds.
  path: Assets/Scripts/CharacterA.cs
  artifactKey: Guid(fd13db2889893b040b1ecebf0c799177) Importer(815301076,1909f56bfc062723c751e8b465ee728b)
Start importing Assets/Scripts/CharacterA.cs using Guid(fd13db2889893b040b1ecebf0c799177) Importer(815301076,1909f56bfc062723c751e8b465ee728b)  -> (artifact id: '15f4e4e088afa36744c0b2e84c487c1a') in 0.005416 seconds 
========================================================================
Received Prepare
Registering precompiled user dll's ...
Registered in 0.004179 seconds.
Begin MonoManager ReloadAssembly
Native extension for WindowsStandalone target not found
Refreshing native plugins compatible for Editor in 0.61 ms, found 2 plugins.
Preloading 0 native plugins for Editor in 0.00 ms.
Mono: successfully reloaded assembly
- Completed reload, in  0.962 seconds
Platform modules already initialized, skipping
Refreshing native plugins compatible for Editor in 0.56 ms, found 2 plugins.
Preloading 0 native plugins for Editor in 0.00 ms.
Unloading 3366 Unused Serialized files (Serialized files now loaded: 0)
System memory in use before: 129.1 MB.
System memory in use after: 129.2 MB.

Unloading 17 unused Assets to reduce memory usage. Loaded Objects now: 3863.
Total: 2.548500 ms (FindLiveObjects: 0.309100 ms CreateObjectMapping: 0.212900 ms MarkObjects: 1.926800 ms  DeleteObjects: 0.098000 ms)

AssetImportWorkerClient::OnTransportError - code=2 error=End of file
